"../../../Engine/Content/EditorBlueprintResources/StandardMacros.uasset" 0
"../../../../../XProject/karaoke/karaoke/Content/BluePrint/AllLevel/PlayerInfo.uasset" 1
"../../../../../XProject/karaoke/karaoke/Content/BluePrint/AllLevel/BP_SaveGame.uasset" 2
"../../../../../XProject/karaoke/karaoke/Content/BluePrint/UMG/AllLevel/LoadingScreen.uasset" 3
"../../../../../XProject/karaoke/karaoke/Content/BluePrint/UMG/MainMenu/FindMenu.uasset" 4
"../../../../../XProject/karaoke/karaoke/Content/BluePrint/UMG/MainMenu/EnergyPlayerBox.uasset" 5
"../../../../../XProject/karaoke/karaoke/Content/Textures/EnergyPicture/1.uasset" 6
"../../../../../XProject/karaoke/karaoke/Content/Textures/EnergyPicture/10.uasset" 7
"../../../../../XProject/karaoke/karaoke/Content/Textures/EnergyPicture/11.uasset" 8
"../../../../../XProject/karaoke/karaoke/Content/Textures/EnergyPicture/12.uasset" 9
"../../../../../XProject/karaoke/karaoke/Content/Textures/EnergyPicture/13.uasset" 10
"../../../../../XProject/karaoke/karaoke/Content/Textures/EnergyPicture/14.uasset" 11
"../../../../../XProject/karaoke/karaoke/Content/Textures/EnergyPicture/15.uasset" 12
"../../../../../XProject/karaoke/karaoke/Content/Textures/EnergyPicture/16.uasset" 13
"../../../../../XProject/karaoke/karaoke/Content/Textures/EnergyPicture/17.uasset" 14
"../../../../../XProject/karaoke/karaoke/Content/Textures/EnergyPicture/18.uasset" 15
"../../../../../XProject/karaoke/karaoke/Content/Textures/EnergyPicture/19.uasset" 16
"../../../../../XProject/karaoke/karaoke/Content/Textures/EnergyPicture/2.uasset" 17
"../../../../../XProject/karaoke/karaoke/Content/Textures/EnergyPicture/20.uasset" 18
"../../../../../XProject/karaoke/karaoke/Content/Textures/EnergyPicture/21.uasset" 19
"../../../../../XProject/karaoke/karaoke/Content/Textures/EnergyPicture/22.uasset" 20
"../../../../../XProject/karaoke/karaoke/Content/Textures/EnergyPicture/23.uasset" 21
"../../../../../XProject/karaoke/karaoke/Content/Textures/EnergyPicture/24.uasset" 22
"../../../../../XProject/karaoke/karaoke/Content/Textures/EnergyPicture/25.uasset" 23
"../../../../../XProject/karaoke/karaoke/Content/Textures/EnergyPicture/26.uasset" 24
"../../../../../XProject/karaoke/karaoke/Content/Textures/EnergyPicture/27.uasset" 25
"../../../../../XProject/karaoke/karaoke/Content/Textures/EnergyPicture/28.uasset" 26
"../../../../../XProject/karaoke/karaoke/Content/Textures/EnergyPicture/29.uasset" 27
"../../../../../XProject/karaoke/karaoke/Content/Textures/EnergyPicture/3.uasset" 28
"../../../../../XProject/karaoke/karaoke/Content/Textures/EnergyPicture/4.uasset" 29
"../../../../../XProject/karaoke/karaoke/Content/Textures/EnergyPicture/5.uasset" 30
"../../../../../XProject/karaoke/karaoke/Content/Textures/EnergyPicture/6.uasset" 31
"../../../../../XProject/karaoke/karaoke/Content/Textures/EnergyPicture/7.uasset" 32
"../../../../../XProject/karaoke/karaoke/Content/Textures/EnergyPicture/8.uasset" 33
"../../../../../XProject/karaoke/karaoke/Content/Textures/EnergyPicture/9.uasset" 34
"../../../../../XProject/karaoke/karaoke/Content/BluePrint/UMG/MainMenu/EnergyList.uasset" 35
"../../../../../XProject/karaoke/karaoke/Content/BluePrint/UMG/MainMenu/MainMenuUmg.uasset" 36
"../../../../../XProject/karaoke/karaoke/Content/BluePrint/UMG/MainMenu/PlayerSetting.uasset" 37
"../../../../../XProject/karaoke/karaoke/Content/BluePrint/UMG/MainMenu/RoomSetting.uasset" 38
"../../../../../XProject/karaoke/karaoke/Content/BluePrint/Interface/I_PlayerUI.uasset" 39
"../../../../../XProject/karaoke/karaoke/Content/BluePrint/UMG/PlayerInterface/U_PlayerEnter.uasset" 40
"../../../../../XProject/karaoke/karaoke/Content/BluePrint/AllLevel/BP_Karaoke_GI.uasset" 41
"../../../Engine/Content/EngineMeshes/Humanoid.uasset" 42
"../../../../../XProject/karaoke/karaoke/Content/Mesh/Test01/SoldierSK_Skeleton.uasset" 43
"../../../../../XProject/karaoke/karaoke/Content/Mesh/Test01/Animation/A_TEST01_Pose.uasset" 44
"../../../../../XProject/karaoke/karaoke/Content/Mesh/Test01/Animation/A_TEST01_Warrior_Idle_mixamo_com.uasset" 45
"../../../../../XProject/karaoke/karaoke/Content/Mesh/Test01/Animation/A_TEST01_Neutral_Idle_mixamo_com.uasset" 46
"../../../../../XProject/karaoke/karaoke/Content/Mesh/Test01/Animation/A_TEST01_Running_mixamo_com.uasset" 47
"../../../../../XProject/karaoke/karaoke/Content/Mesh/Test01/Animation/A_TEST01_RunIdle_.uasset" 48
"../../../../../XProject/karaoke/karaoke/Content/Mesh/Test01/AB_SoldierSK_Skeleton_AnimBlueprint.uasset" 49
"../../../../../XProject/karaoke/karaoke/Content/BluePrint/BluePrintFunction/EM_PlayerPawnOwner.uasset" 50
"../../../../../XProject/karaoke/karaoke/Content/BluePrint/BluePrintFunction/BP_FunctionLibrary.uasset" 51
"../../../../../XProject/karaoke/karaoke/Content/BluePrint/Player/BP_PlayerState_DJ.uasset" 52
"../../../Engine/Content/Functions/Engine_MaterialFunctions02/Texturing/ScreenAlignedPixelToPixelUVs.uasset" 53
"../../../Engine/Content/EngineMaterials/Good64x64TilingNoiseHighFreq.uasset" 54
"../../../Engine/Content/Functions/Engine_MaterialFunctions02/Utility/DitherTemporalAA.uasset" 55
"../../../../../XProject/karaoke/karaoke/Content/Textures/HUAji/123.uasset" 56
"../../../../../XProject/karaoke/karaoke/Content/BluePrint/Player/Mateirals/M_PLayerHead.uasset" 57
"../../../Engine/Content/Functions/Engine_MaterialFunctions01/Opacity/CameraDepthFade.uasset" 58
"../../../Engine/Content/EngineMaterials/T_Default_Material_Grid_M.uasset" 59
"../../../Engine/Content/EngineMaterials/T_Default_Material_Grid_N.uasset" 60
"../../../Engine/Content/EngineMaterials/WorldGridMaterial.uasset" 61
"../../../Engine/Content/BasicShapes/Cube.uasset" 62
"../../../../../XProject/karaoke/karaoke/Content/BluePrint/UMG/Element/U_Text.uasset" 63
"../../../../../XProject/karaoke/karaoke/Content/Mesh/Test01/Texture/BodyParts/T_TEST01_BodyParts_BaseColorTex.uasset" 64
"../../../../../XProject/karaoke/karaoke/Content/Mesh/Test01/Texture/BodyParts/T_TEST01_BodyParts_NormalTex.uasset" 65
"../../../../../XProject/karaoke/karaoke/Content/Mesh/Test01/Texture/BodyParts/T_TEST01_BodyParts_RAMTex.uasset" 66
"../../../../../XProject/karaoke/karaoke/Content/Mesh/Test01/M_TEST01_BodyPartsMat.uasset" 67
"../../../../../XProject/karaoke/karaoke/Content/Mesh/Test01/Texture/Costumes/T_TEST01_Costumes_BaseColorTex.uasset" 68
"../../../../../XProject/karaoke/karaoke/Content/Mesh/Test01/Texture/Costumes/T_TEST01_Costumes_NormalTex.uasset" 69
"../../../../../XProject/karaoke/karaoke/Content/Mesh/Test01/Texture/Costumes/T_TEST01_Costumes_RAMTex.uasset" 70
"../../../../../XProject/karaoke/karaoke/Content/Mesh/Test01/M_TEST01_CostumesMat.uasset" 71
"../../../../../XProject/karaoke/karaoke/Content/Mesh/Test01/Texture/HeadParts/T_TEST01_HeadParts_BaseColorTex.uasset" 72
"../../../../../XProject/karaoke/karaoke/Content/Mesh/Test01/Texture/HeadParts/T_TEST01_HeadParts_NormalTex.uasset" 73
"../../../../../XProject/karaoke/karaoke/Content/Mesh/Test01/Texture/HeadParts/T_TEST01_HeadParts_RAMTex.uasset" 74
"../../../../../XProject/karaoke/karaoke/Content/Mesh/Test01/M_TEST01_HeadPartsMat.uasset" 75
"../../../../../XProject/karaoke/karaoke/Content/Mesh/Test01/SoldierSK_PhysicsAsset.uasset" 76
"../../../../../XProject/karaoke/karaoke/Content/Mesh/Test01/SK_TEST01_SoldierSK.uasset" 77
"../../../../../XProject/karaoke/karaoke/Content/BluePrint/Player/BP_Player_DJ.uasset" 78
"../../../../../XProject/karaoke/karaoke/Content/BluePrint/Player/BP_PlayerControl_DJ.uasset" 79
"../../../../../XProject/karaoke/karaoke/Content/BluePrint/Film/MP_Flim.uasset" 80
"../../../../../XProject/karaoke/karaoke/Content/BluePrint/Film/NewMediaPlayer_Video.uasset" 81
"../../../../../XProject/karaoke/karaoke/Content/BluePrint/Film/M_FlimStreaming.uasset" 82
"../../../Engine/Content/BasicShapes/Plane.uasset" 83
"../../../../../XProject/karaoke/karaoke/Content/BluePrint/Film/BP_FlimPlane.uasset" 84
"../../../../../XProject/karaoke/karaoke/Content/Mesh/Geometry/RampMaterial.uasset" 85
"../../../../../XProject/karaoke/karaoke/Content/Mesh/Geometry/Bump_StaticMesh.uasset" 86
"../../../../../XProject/karaoke/karaoke/Content/Mesh/Geometry/LeftArm_StaticMesh.uasset" 87
"../../../../../XProject/karaoke/karaoke/Content/Mesh/Geometry/Ramp_StaticMesh.uasset" 88
"../../../../../XProject/karaoke/karaoke/Content/Mesh/Test01/Animation/A_TEST01_HipHop.uasset" 89
"../../../../../XProject/karaoke/karaoke/Content/Mesh/Test01/Animation/A_TEST01_Samba_Dancing_mixamo_com.uasset" 90
"../../../../../XProject/karaoke/karaoke/Content/Textures/Cube/CubeNearEntrance.uasset" 91
"../../../Engine/Content/ArtTools/RenderToTexture/Meshes/S_1_Unit_Plane.uasset" 92
"../../../Engine/Content/EngineMaterials/DefaultMaterial.uasset" 93
"../../../Engine/Content/BasicShapes/Cone.uasset" 94
"../../../Engine/Content/BasicShapes/Cylinder.uasset" 95
"../../../Engine/Content/BasicShapes/Sphere.uasset" 96
"../../../Engine/Content/EditorLandscapeResources/DataLayer.uasset" 97
"../../../Engine/Content/EditorMaterials/GizmoMaterial.uasset" 98
"../../../Engine/Content/EditorMaterials/MAT_Groups_Toggle.uasset" 99
"../../../Engine/Content/EditorMaterials/MAT_Groups_Visibility.uasset" 100
"../../../Engine/Content/EditorMaterials/PreviewShadowIndicator.uasset" 101
"../../../Engine/Content/EditorMaterials/PreviewShadowIndicatorMaterial.uasset" 102
"../../../Engine/Content/EditorMaterials/MatineeGroups/MAT_ColorTrack.uasset" 103
"../../../Engine/Content/EditorMaterials/MatineeGroups/MAT_Groups_Anim.uasset" 104
"../../../Engine/Content/EditorMaterials/MatineeGroups/MAT_Groups_AudioMaster.uasset" 105
"../../../Engine/Content/EditorMaterials/MatineeGroups/MAT_Groups_Director.uasset" 106
"../../../Engine/Content/EditorMaterials/MatineeGroups/MAT_Groups_Event.uasset" 107
"../../../Engine/Content/EditorMaterials/MatineeGroups/MAT_Groups_Fade.uasset" 108
"../../../Engine/Content/EditorMaterials/MatineeGroups/MAT_Groups_Float.uasset" 109
"../../../Engine/Content/EditorMaterials/MatineeGroups/MAT_Groups_Move.uasset" 110
"../../../Engine/Content/EditorMaterials/MatineeGroups/MAT_Groups_Slomo.uasset" 111
"../../../Engine/Content/EditorMaterials/MatineeGroups/MAT_Groups_Sound.uasset" 112
"../../../Engine/Content/EditorMaterials/MatineeGroups/MAT_Groups_Vector.uasset" 113
"../../../Engine/Content/EditorMaterials/ParticleSystems/PSysThumbnail_NoImage.uasset" 114
"../../../Engine/Content/EditorMaterials/ParticleSystems/PSysThumbnail_OOD.uasset" 115
"../../../Engine/Content/EditorMaterials/Camera/CineMat.uasset" 116
"../../../Engine/Content/EditorMaterials/Camera/MI_CineMat_Rig.uasset" 117
"../../../Engine/Content/EditorMeshes/Camera/SM_CraneRig_Arm.uasset" 118
"../../../Engine/Content/EditorMeshes/Camera/SM_CraneRig_Base.uasset" 119
"../../../Engine/Content/EditorMeshes/Camera/SM_CraneRig_Body.uasset" 120
"../../../Engine/Content/EditorMeshes/Camera/SM_CraneRig_Mount.uasset" 121
"../../../Engine/Content/EditorMeshes/Camera/SM_RailRig_Mount.uasset" 122
"../../../Engine/Content/EditorMeshes/Camera/SM_RailRig_Track.uasset" 123
"../../../Engine/Content/EditorResources/BSPVertex.uasset" 124
"../../../Engine/Content/EditorResources/EmptyActor.uasset" 125
"../../../Engine/Content/EditorResources/S_Actor.uasset" 126
"../../../Engine/Content/EditorResources/S_Trigger.uasset" 127
"../../../Engine/Content/EditorResources/LightIcons/S_LightError.uasset" 128
"../../../Engine/Content/EditorResources/SequenceRecorder/Countdown.uasset" 129
"../../../Engine/Content/EditorResources/SequenceRecorder/RecordingIndicator.uasset" 130
"../../../Engine/Content/EditorSounds/Notifications/CompileFailed.uasset" 131
"../../../Engine/Content/EditorSounds/Notifications/CompileFailed_Cue.uasset" 132
"../../../Engine/Content/EditorSounds/Notifications/CompileSuccess.uasset" 133
"../../../Engine/Content/EditorSounds/Notifications/CompileStart_Cue.uasset" 134
"../../../Engine/Content/EditorSounds/Notifications/CompileSuccess_Cue.uasset" 135
"../../../Engine/Content/EngineDamageTypes/DmgTypeBP_Environmental.uasset" 136
"../../../Engine/Content/EngineDebugMaterials/HeatmapGradient.uasset" 137
"../../../Engine/Content/EngineDebugMaterials/BoneWeightMaterial.uasset" 138
"../../../Engine/Content/EngineDebugMaterials/ClothMaterial.uasset" 139
"../../../Engine/Content/EngineDebugMaterials/ClothMaterial_WF.uasset" 140
"../../../Engine/Content/EngineDebugMaterials/DebugEditorMaterial.uasset" 141
"../../../Engine/Content/EngineDebugMaterials/DebugMeshMaterial.uasset" 142
"../../../Engine/Content/EngineDebugMaterials/GeomMaterial.uasset" 143
"../../../Engine/Content/EngineDebugMaterials/M_SimpleTranslucent.uasset" 144
"../../../Engine/Content/EngineFonts/Faces/RobotoBold.uasset" 145
"../../../Engine/Content/EngineFonts/Faces/RobotoBoldItalic.uasset" 146
"../../../Engine/Content/EngineFonts/Faces/RobotoItalic.uasset" 147
"../../../Engine/Content/EngineFonts/Faces/RobotoLight.uasset" 148
"../../../Engine/Content/EngineFonts/Faces/RobotoRegular.uasset" 149
"../../../Engine/Content/EngineFonts/Roboto.uasset" 150
"../../../Engine/Content/EngineFonts/Faces/RobotoTiny.uasset" 151
"../../../Engine/Content/EngineFonts/RobotoTiny.uasset" 152
"../../../Engine/Content/EngineMaterials/BaseFlattenDiffuseMap.uasset" 153
"../../../Engine/Content/EngineMaterials/BaseFlattenEmissiveMap.uasset" 154
"../../../Engine/Content/EngineMaterials/BaseFlattenGrayscaleMap.uasset" 155
"../../../Engine/Content/EngineMaterials/BaseFlattenNormalMap.uasset" 156
"../../../Engine/Content/EngineMaterials/BaseFlattenMaterial.uasset" 157
"../../../Engine/Content/EngineMaterials/DefaultBloomKernel.uasset" 158
"../../../Engine/Content/EngineMaterials/DefaultBokeh.uasset" 159
"../../../Engine/Content/EngineMaterials/DefaultDiffuse.uasset" 160
"../../../Engine/Content/EngineMaterials/DefaultDeferredDecalMaterial.uasset" 161
"../../../Engine/Content/EngineMaterials/DefaultLightFunctionMaterial.uasset" 162
"../../../Engine/Content/Functions/Engine_MaterialFunctions02/Utility/BreakOutFloat2Components.uasset" 163
"../../../Engine/Content/EngineMaterials/DefaultPostProcessMaterial.uasset" 164
"../../../Engine/Content/EngineFonts/RobotoDistanceField.uasset" 165
"../../../Engine/Content/EngineMaterials/DefaultTextMaterialOpaque.uasset" 166
"../../../Engine/Content/EngineMaterials/DefaultWhiteGrid.uasset" 167
"../../../Engine/Content/EngineMaterials/EditorBrushMaterial.uasset" 168
"../../../Engine/Content/EngineMaterials/MiniFont.uasset" 169
"../../../Engine/Content/EngineMaterials/InvalidLightmapSettings.uasset" 170
"../../../Engine/Content/EngineMaterials/M_InvalidLightmapSettings.uasset" 171
"../../../Engine/Content/Functions/Engine_MaterialFunctions02/WorldPositionOffset/CameraOffset.uasset" 172
"../../../Engine/Content/EngineMaterials/PhAT_JointLimitMaterial.uasset" 173
"../../../Engine/Content/EngineMaterials/PreintegratedSkinBRDF.uasset" 174
"../../../Engine/Content/EngineMaterials/RemoveSurfaceMaterial.uasset" 175
"../../../Engine/Content/EngineMaterials/WeightMapPlaceholderTexture.uasset" 176
"../../../Engine/Content/EngineResources/WhiteSquareTexture.uasset" 177
"../../../Engine/Content/EngineMaterials/Widget3DPassThrough.uasset" 178
"../../../Engine/Content/EngineMaterials/Widget3DPassThrough_Masked.uasset" 179
"../../../Engine/Content/EngineMaterials/Widget3DPassThrough_Opaque.uasset" 180
"../../../Engine/Content/EngineMaterials/Widget3DPassThrough_Masked_OneSided.uasset" 181
"../../../Engine/Content/EngineMaterials/Widget3DPassThrough_Opaque_OneSided.uasset" 182
"../../../Engine/Content/EngineMaterials/Widget3DPassThrough_Translucent.uasset" 183
"../../../Engine/Content/EngineMaterials/Widget3DPassThrough_Translucent_OneSided.uasset" 184
"../../../Engine/Content/EngineMeshes/Cylinder.uasset" 185
"../../../Engine/Content/EngineMeshes/Sphere.uasset" 186
"../../../Engine/Content/EngineResources/Black.uasset" 187
"../../../Engine/Content/EngineResources/DefaultTexture.uasset" 188
"../../../Engine/Content/EngineResources/DefaultTextureCube.uasset" 189
"../../../Engine/Content/EngineResources/DefaultVolumeTexture2D.uasset" 190
"../../../Engine/Content/EngineResources/DefaultVolumeTexture.uasset" 191
"../../../Engine/Content/EngineResources/GradientTexture0.uasset" 192
"../../../Engine/Content/EngineSounds/Master.uasset" 193
"../../../Engine/Content/Functions/Engine_MaterialFunctions01/Shading/ConvertFromDiffSpec.uasset" 194
"../../../Engine/Content/Functions/Engine_MaterialFunctions01/Shading/PowerToRoughness.uasset" 195
"../../../Engine/Content/Maps/Templates/Thumbnails/Default.uasset" 196
"../../../Engine/Content/Maps/Templates/Thumbnails/VR-Basic.uasset" 197
"../../../Engine/Content/MobileResources/T_MobileControls_texture.uasset" 198
"../../../Engine/Content/MobileResources/T_MobileMenu2.uasset" 199
"../../../Engine/Content/MobileResources/HUD/AnalogHat.uasset" 200
"../../../Engine/Content/MobileResources/HUD/VirtualJoystick_Background.uasset" 201
"../../../Engine/Content/MobileResources/HUD/VirtualJoystick_Thumb.uasset" 202
"../../../Engine/Content/MobileResources/HUD/DefaultVirtualJoysticks.uasset" 203
"../../../Engine/Content/MobileResources/HUD/LeftVirtualJoystickOnly.uasset" 204
"../../../Engine/Content/MobileResources/HUD/MobileHUDButton1_off.uasset" 205
"../../../Engine/Content/MobileResources/HUD/MobileHUDButton1_on.uasset" 206
"../../../Engine/Content/MobileResources/HUD/MobileHUDButton2_off.uasset" 207
"../../../Engine/Content/MobileResources/HUD/MobileHUDButton2_on.uasset" 208
"../../../Engine/Content/MobileResources/HUD/MobileHUDButton3.uasset" 209
"../../../Engine/Content/MobileResources/HUD/MobileHUDButtonFire.uasset" 210
"../../../Engine/Content/MobileResources/HUD/MobileHUDDirectionPad.uasset" 211
"../../../Engine/Content/MobileResources/HUD/MobileHUDDirectionPad2.uasset" 212
"../../../Engine/Content/MobileResources/HUD/MobileHUDDirectionPad3.uasset" 213
"../../../Engine/Content/MobileResources/HUD/MobileHUDDirectionStick.uasset" 214
"../../../Engine/Content/MobileResources/HUD/T_Castle_ThumbstickInner.uasset" 215
"../../../Engine/Content/MobileResources/HUD/T_Castle_ThumbstickOutter.uasset" 216
"../../../Engine/Content/Tutorial/ContentIntroCurve.uasset" 217
"../../../Engine/Content/Tutorial/Mobile/TutorialAssets/IOS.uasset" 218
"../../../Engine/Content/VREditor/LaserPointer/VR_LaserPower_01.uasset" 219
"../../../Engine/Content/VREditor/TransformGizmo/TransformGizmoMaterial.uasset" 220
"../../../Engine/Content/VREditor/TransformGizmo/TranslucentTransformGizmoMaterial.uasset" 221
"../../../Engine/Content/VREditor/TransformGizmo/BoundingBoxCorner.uasset" 222
"../../../Engine/Content/VREditor/TransformGizmo/BoundingBoxEdge.uasset" 223
"../../../Engine/Content/VREditor/TransformGizmo/PlaneTranslationHandle.uasset" 224
"../../../Engine/Content/VREditor/TransformGizmo/Main.uasset" 225
"../../../Engine/Content/VREditor/TransformGizmo/Xray.uasset" 226
"../../../Engine/Content/VREditor/TransformGizmo/SM_Sequencer_Key.uasset" 227
"../../../Engine/Content/VREditor/TransformGizmo/SM_Sequencer_Node.uasset" 228
"../../Plugins/2D/Paper2D/Content/PlaceholderTextures/DummySpriteTexture.uasset" 229
"../../Plugins/2D/Paper2D/Content/DummySprite.uasset" 230
"../../Plugins/2D/Paper2D/Content/DefaultPaperTerrainMaterial.uasset" 231
"../../Plugins/2D/Paper2D/Content/DefaultSpriteMaterial.uasset" 232
"../../Plugins/2D/Paper2D/Content/MaskedUnlitSpriteMaterial.uasset" 233
"../../Plugins/2D/Paper2D/Content/OpaqueUnlitSpriteMaterial.uasset" 234
"../../Plugins/Runtime/Oculus/OculusVR/Content/Materials/PokeAHoleMaterial.uasset" 235
"../../Plugins/Runtime/Oculus/OculusVR/Content/Textures/GearVRController_AO.uasset" 236
"../../Plugins/Runtime/Oculus/OculusVR/Content/Textures/GearVRController_Color.uasset" 237
"../../Plugins/Runtime/Oculus/OculusVR/Content/Textures/GearVRController_Normal.uasset" 238
"../../Plugins/Runtime/Oculus/OculusVR/Content/Materials/GearVRControllerMaterial.uasset" 239
"../../Plugins/Runtime/Oculus/OculusVR/Content/Meshes/GearVrController.uasset" 240
"../../Plugins/Runtime/Oculus/OculusVR/Content/Textures/touchController_albedo.uasset" 241
"../../Plugins/Runtime/Oculus/OculusVR/Content/Textures/touchController_controlmap.uasset" 242
"../../Plugins/Runtime/Oculus/OculusVR/Content/Materials/touchController_mat.uasset" 243
"../../Plugins/Runtime/Oculus/OculusVR/Content/Meshes/LeftTouchController.uasset" 244
"../../Plugins/Runtime/Oculus/OculusVR/Content/Meshes/RiftHMD.uasset" 245
"../../Plugins/Runtime/Oculus/OculusVR/Content/Meshes/RightTouchController.uasset" 246
"../../../../../XProject/karaoke/karaoke/Plugins/BlueprintUtility/Content/BlueTools/BP_BluePrintFunction.uasset" 247
"../../../../../XProject/karaoke/karaoke/Plugins/BlueprintUtility/Content/BlueTools/BP_EndStopSequence_CMP.uasset" 248
"../../../Engine/Content/Functions/Engine_MaterialFunctions01/Texturing/ScaleUVsByCenter.uasset" 249
"../../../Engine/Content/Functions/Engine_MaterialFunctions02/WorldPositionOffset/LocalPosition.uasset" 250
"../../../../../XProject/karaoke/karaoke/Plugins/BlueprintUtility/Content/Texture/T_ICon.uasset" 251
"../../../../../XProject/karaoke/karaoke/Plugins/BlueprintUtility/Content/Mateirals/M_TextureParameter.uasset" 252
"../../../../../XProject/karaoke/karaoke/Plugins/BlueprintUtility/Content/Mateirals/M_TextureParameter_Inst.uasset" 253
"../../../Engine/Content/Functions/Engine_MaterialFunctions01/ImageAdjustment/CheapContrast_RGB.uasset" 254
"../../../Engine/Content/Functions/Engine_MaterialFunctions02/HueShift.uasset" 255
"../../../../../XProject/karaoke/karaoke/Content/ThirdParty/MilitaryPropsPack/Textures/BaseTextures/base_black_d.uasset" 256
"../../../../../XProject/karaoke/karaoke/Content/ThirdParty/MilitaryPropsPack/Textures/BaseTextures/base_flat_n.uasset" 257
"../../../../../XProject/karaoke/karaoke/Content/ThirdParty/MilitaryPropsPack/Textures/BaseTextures/base_gray_d.uasset" 258
"../../../../../XProject/karaoke/karaoke/Content/ThirdParty/MilitaryPropsPack/Materials/BaseMaterial/bese_material.uasset" 259
"../../../../../XProject/karaoke/karaoke/Content/ThirdParty/MilitaryPropsPack/Textures/AmmoBox_D.uasset" 260
"../../../../../XProject/karaoke/karaoke/Content/ThirdParty/MilitaryPropsPack/Textures/AmmoBox_N.uasset" 261
"../../../../../XProject/karaoke/karaoke/Content/ThirdParty/MilitaryPropsPack/Textures/AmmoBox_SRM.uasset" 262
"../../../../../XProject/karaoke/karaoke/Content/ThirdParty/MilitaryPropsPack/Materials/AmmoBox.uasset" 263
"../../../../../XProject/karaoke/karaoke/Content/ThirdParty/MilitaryPropsPack/Materials/AmmoBox_Inst1.uasset" 264
"../../../../../XProject/karaoke/karaoke/Content/ThirdParty/MilitaryPropsPack/Meshes/AmmoBox04.uasset" 265
"../../../../../XProject/karaoke/karaoke/Content/Blueprint/MainMenu/MainPawn.uasset" 266
"../../../../../XProject/karaoke/karaoke/Content/Blueprint/MainMenu/MainPC.uasset" 267
"../../../../../XProject/karaoke/karaoke/Content/BluePrint/MainMenu/MainMenu.uasset" 268
"../../../../../XProject/karaoke/karaoke/Content/Sound/SW_Kerry_Muzzey_-_The_Widest_Oceans.uasset" 269
"../../../../../XProject/karaoke/karaoke/Content/Map/MainMenu.umap" 270
"../../../Engine/Content/EngineSky/C_Sky_Cloud_Color.uasset" 271
"../../../Engine/Content/EngineSky/C_Sky_Horizon_Color.uasset" 272
"../../../Engine/Content/EngineSky/C_Sky_Zenith_Color.uasset" 273
"../../../Engine/Content/EngineSky/T_Sky_Blue.uasset" 274
"../../../Engine/Content/EngineSky/T_Sky_Clouds_M.uasset" 275
"../../../Engine/Content/EngineSky/T_Sky_Stars.uasset" 276
"../../../Engine/Content/EngineSky/M_Sky_Panning_Clouds2.uasset" 277
"../../../Engine/Content/EngineSky/SM_SkySphere.uasset" 278
"../../../Engine/Content/EngineSky/BP_Sky_Sphere.uasset" 279
"../../../../../XProject/karaoke/karaoke/Content/BluePrint/WorldGame/BP_World_GameMode.uasset" 280
"../../../../../XProject/karaoke/karaoke/Content/Map/Sence/World_Test01_BuiltData.uasset" 281
"../../../Engine/Content/BasicShapes/BasicShapeMaterial.uasset" 282
"../../../Engine/Content/EngineMaterials/DefaultPhysicalMaterial.uasset" 283
"../../../../../XProject/karaoke/karaoke/Content/Mesh/Geometry/Linear_Stair_StaticMesh.uasset" 284
"../../../../../XProject/karaoke/karaoke/Content/Mesh/Geometry/RightArm_StaticMesh.uasset" 285
"../../../../../XProject/karaoke/karaoke/Content/Map/Sence/World_Test01.umap" 286
"../../../Engine/Content/Maps/Entry_BuiltData.uasset" 287
"../../../Engine/Content/Maps/Entry.umap" 288
